# JRE version: Java(TM) SE Runtime Environment (8.0_151-b12) (build 1.8.0_151-b12)
# Java VM: Java HotSpot(TM) 64-Bit Server VM (25.151-b12 mixed mode windows-amd64 compressed oops)
Heap:
 PSYoungGen      total 135168K, used 719K [0x00000000eb400000, 0x00000000f8a80000, 0x0000000100000000)
  eden space 127488K, 0% used [0x00000000eb400000,0x00000000eb400000,0x00000000f3080000)
  from space 7680K, 9% used [0x00000000f3080000,0x00000000f3133da8,0x00000000f3800000)
  to   space 7680K, 0% used [0x00000000f8300000,0x00000000f8300000,0x00000000f8a80000)
 ParOldGen       total 44032K, used 10193K [0x00000000c1c00000, 0x00000000c4700000, 0x00000000eb400000)
  object space 44032K, 23% used [0x00000000c1c00000,0x00000000c25f4430,0x00000000c4700000)
 Metaspace       used 21242K, capacity 21824K, committed 21960K, reserved 1069056K
  class space    used 2724K, capacity 2895K, committed 2940K, reserved 1048576K
GC Heap History (10 events):
Event: 2.846 GC heap after
Heap after GC invocations=5 (full 0):
 PSYoungGen      total 35328K, used 2539K [0x00000000eb400000, 0x00000000f0000000, 0x0000000100000000)
  eden space 32768K, 0% used [0x00000000eb400000,0x00000000eb400000,0x00000000ed400000)
  from space 2560K, 99% used [0x00000000ed400000,0x00000000ed67af70,0x00000000ed680000)
  to   space 6144K, 0% used [0x00000000efa00000,0x00000000efa00000,0x00000000f0000000)
 ParOldGen       total 44032K, used 6530K [0x00000000c1c00000, 0x00000000c4700000, 0x00000000eb400000)
  object space 44032K, 14% used [0x00000000c1c00000,0x00000000c2260840,0x00000000c4700000)
 Metaspace       used 15815K, capacity 16250K, committed 16384K, reserved 1062912K
  class space    used 2083K, capacity 2226K, committed 2304K, reserved 1048576K
}
Event: 3.903 GC heap before
{Heap before GC invocations=6 (full 0):
 PSYoungGen      total 35328K, used 35307K [0x00000000eb400000, 0x00000000f0000000, 0x0000000100000000)
  eden space 32768K, 100% used [0x00000000eb400000,0x00000000ed400000,0x00000000ed400000)
  from space 2560K, 99% used [0x00000000ed400000,0x00000000ed67af70,0x00000000ed680000)
  to   space 6144K, 0% used [0x00000000efa00000,0x00000000efa00000,0x00000000f0000000)
 ParOldGen       total 44032K, used 6530K [0x00000000c1c00000, 0x00000000c4700000, 0x00000000eb400000)
  object space 44032K, 14% used [0x00000000c1c00000,0x00000000c2260840,0x00000000c4700000)
 Metaspace       used 19842K, capacity 20418K, committed 20608K, reserved 1067008K
  class space    used 2515K, capacity 2664K, committed 2688K, reserved 1048576K
Event: 3.928 GC heap after
Heap after GC invocations=6 (full 0):
 PSYoungGen      total 70144K, used 6139K [0x00000000eb400000, 0x00000000f0300000, 0x0000000100000000)
  eden space 64000K, 0% used [0x00000000eb400000,0x00000000eb400000,0x00000000ef280000)
  from space 6144K, 99% used [0x00000000efa00000,0x00000000efffed48,0x00000000f0000000)
  to   space 7680K, 0% used [0x00000000ef280000,0x00000000ef280000,0x00000000efa00000)
 ParOldGen       total 44032K, used 7054K [0x00000000c1c00000, 0x00000000c4700000, 0x00000000eb400000)
  object space 44032K, 16% used [0x00000000c1c00000,0x00000000c22e3b78,0x00000000c4700000)
 Metaspace       used 19842K, capacity 20418K, committed 20608K, reserved 1067008K
  class space    used 2515K, capacity 2664K, committed 2688K, reserved 1048576K
}
Event: 4.386 GC heap before
{Heap before GC invocations=7 (full 0):
 PSYoungGen      total 70144K, used 18539K [0x00000000eb400000, 0x00000000f0300000, 0x0000000100000000)
  eden space 64000K, 19% used [0x00000000eb400000,0x00000000ec01bf30,0x00000000ef280000)
  from space 6144K, 99% used [0x00000000efa00000,0x00000000efffed48,0x00000000f0000000)
  to   space 7680K, 0% used [0x00000000ef280000,0x00000000ef280000,0x00000000efa00000)
 ParOldGen       total 44032K, used 7054K [0x00000000c1c00000, 0x00000000c4700000, 0x00000000eb400000)
  object space 44032K, 16% used [0x00000000c1c00000,0x00000000c22e3b78,0x00000000c4700000)
 Metaspace       used 20619K, capacity 21236K, committed 21504K, reserved 1069056K
  class space    used 2643K, capacity 2809K, committed 2816K, reserved 1048576K
Event: 4.398 GC heap after
Heap after GC invocations=7 (full 0):
 PSYoungGen      total 71680K, used 3224K [0x00000000eb400000, 0x00000000f3f00000, 0x0000000100000000)
  eden space 64000K, 0% used [0x00000000eb400000,0x00000000eb400000,0x00000000ef280000)
  from space 7680K, 41% used [0x00000000ef280000,0x00000000ef5a6050,0x00000000efa00000)
  to   space 7168K, 0% used [0x00000000f3800000,0x00000000f3800000,0x00000000f3f00000)
 ParOldGen       total 44032K, used 8237K [0x00000000c1c00000, 0x00000000c4700000, 0x00000000eb400000)
  object space 44032K, 18% used [0x00000000c1c00000,0x00000000c240b6e0,0x00000000c4700000)
 Metaspace       used 20619K, capacity 21236K, committed 21504K, reserved 1069056K
  class space    used 2643K, capacity 2809K, committed 2816K, reserved 1048576K
}
Event: 4.459 GC heap before
{Heap before GC invocations=8 (full 0):
 PSYoungGen      total 71680K, used 7641K [0x00000000eb400000, 0x00000000f3f00000, 0x0000000100000000)
  eden space 64000K, 6% used [0x00000000eb400000,0x00000000eb850778,0x00000000ef280000)
  from space 7680K, 41% used [0x00000000ef280000,0x00000000ef5a6050,0x00000000efa00000)
  to   space 7168K, 0% used [0x00000000f3800000,0x00000000f3800000,0x00000000f3f00000)
 ParOldGen       total 44032K, used 8237K [0x00000000c1c00000, 0x00000000c4700000, 0x00000000eb400000)
  object space 44032K, 18% used [0x00000000c1c00000,0x00000000c240b6e0,0x00000000c4700000)
 Metaspace       used 20874K, capacity 21484K, committed 21884K, reserved 1069056K
  class space    used 2675K, capacity 2853K, committed 2940K, reserved 1048576K
Event: 4.465 GC heap after
Heap after GC invocations=8 (full 0):
 PSYoungGen      total 134656K, used 2023K [0x00000000eb400000, 0x00000000f4000000, 0x0000000100000000)
  eden space 127488K, 0% used [0x00000000eb400000,0x00000000eb400000,0x00000000f3080000)
  from space 7168K, 28% used [0x00000000f3800000,0x00000000f39f9e30,0x00000000f3f00000)
  to   space 7680K, 0% used [0x00000000f3080000,0x00000000f3080000,0x00000000f3800000)
 ParOldGen       total 44032K, used 8858K [0x00000000c1c00000, 0x00000000c4700000, 0x00000000eb400000)
  object space 44032K, 20% used [0x00000000c1c00000,0x00000000c24a6bf0,0x00000000c4700000)
 Metaspace       used 20874K, capacity 21484K, committed 21884K, reserved 1069056K
  class space    used 2675K, capacity 2853K, committed 2940K, reserved 1048576K
}
Event: 4.610 GC heap before
{Heap before GC invocations=9 (full 0):
 PSYoungGen      total 134656K, used 7302K [0x00000000eb400000, 0x00000000f4000000, 0x0000000100000000)
  eden space 127488K, 4% used [0x00000000eb400000,0x00000000eb927a30,0x00000000f3080000)
  from space 7168K, 28% used [0x00000000f3800000,0x00000000f39f9e30,0x00000000f3f00000)
  to   space 7680K, 0% used [0x00000000f3080000,0x00000000f3080000,0x00000000f3800000)
 ParOldGen       total 44032K, used 8858K [0x00000000c1c00000, 0x00000000c4700000, 0x00000000eb400000)
  object space 44032K, 20% used [0x00000000c1c00000,0x00000000c24a6bf0,0x00000000c4700000)
 Metaspace       used 21242K, capacity 21824K, committed 21960K, reserved 1069056K
  class space    used 2724K, capacity 2895K, committed 2940K, reserved 1048576K
Event: 4.695 GC heap after
Heap after GC invocations=9 (full 0):
 PSYoungGen      total 135168K, used 719K [0x00000000eb400000, 0x00000000f8a80000, 0x0000000100000000)
  eden space 127488K, 0% used [0x00000000eb400000,0x00000000eb400000,0x00000000f3080000)
  from space 7680K, 9% used [0x00000000f3080000,0x00000000f3133da8,0x00000000f3800000)
  to   space 7680K, 0% used [0x00000000f8300000,0x00000000f8300000,0x00000000f8a80000)
 ParOldGen       total 44032K, used 10193K [0x00000000c1c00000, 0x00000000c4700000, 0x00000000eb400000)
  object space 44032K, 23% used [0x00000000c1c00000,0x00000000c25f4430,0x00000000c4700000)
 Metaspace       used 21242K, capacity 21824K, committed 21960K, reserved 1069056K
  class space    used 2724K, capacity 2895K, committed 2940K, reserved 1048576K
}
Event: 4.695 GC heap before
{Heap before GC invocations=10 (full 1):
 PSYoungGen      total 135168K, used 719K [0x00000000eb400000, 0x00000000f8a80000, 0x0000000100000000)
  eden space 127488K, 0% used [0x00000000eb400000,0x00000000eb400000,0x00000000f3080000)
  from space 7680K, 9% used [0x00000000f3080000,0x00000000f3133da8,0x00000000f3800000)
  to   space 7680K, 0% used [0x00000000f8300000,0x00000000f8300000,0x00000000f8a80000)
 ParOldGen       total 44032K, used 10193K [0x00000000c1c00000, 0x00000000c4700000, 0x00000000eb400000)
  object space 44032K, 23% used [0x00000000c1c00000,0x00000000c25f4430,0x00000000c4700000)
 Metaspace       used 21242K, capacity 21824K, committed 21960K, reserved 1069056K
  class space    used 2724K, capacity 2895K, committed 2940K, reserved 1048576K

