# JRE version: Java(TM) SE Runtime Environment (8.0_151-b12) (build 1.8.0_151-b12)
# Java VM: Java HotSpot(TM) 64-Bit Server VM (25.151-b12 mixed mode windows-amd64 compressed oops)
Heap:
 PSYoungGen      total 140800K, used 139444K [0x00000000eb400000, 0x00000000f6180000, 0x0000000100000000)
  eden space 131072K, 98% used [0x00000000eb400000,0x00000000f32b03d8,0x00000000f3400000)
  from space 9728K, 99% used [0x00000000f3400000,0x00000000f3d7cf98,0x00000000f3d80000)
  to   space 12288K, 0% used [0x00000000f5580000,0x00000000f5580000,0x00000000f6180000)
 ParOldGen       total 50688K, used 25045K [0x00000000c1c00000, 0x00000000c4d80000, 0x00000000eb400000)
  object space 50688K, 49% used [0x00000000c1c00000,0x00000000c3475558,0x00000000c4d80000)
 Metaspace       used 55552K, capacity 57870K, committed 58024K, reserved 1099776K
  class space    used 7346K, capacity 7746K, committed 7848K, reserved 1048576K
GC Heap History (10 events):
Event: 31.882 GC heap before
{Heap before GC invocations=15 (full 1):
 PSYoungGen      total 74240K, used 73248K [0x00000000eb400000, 0x00000000f2000000, 0x0000000100000000)
  eden space 67584K, 100% used [0x00000000eb400000,0x00000000ef600000,0x00000000ef600000)
  from space 6656K, 85% used [0x00000000ef600000,0x00000000efb88210,0x00000000efc80000)
  to   space 7168K, 0% used [0x00000000f1900000,0x00000000f1900000,0x00000000f2000000)
 ParOldGen       total 27648K, used 13587K [0x00000000c1c00000, 0x00000000c3700000, 0x00000000eb400000)
  object space 27648K, 49% used [0x00000000c1c00000,0x00000000c2944c30,0x00000000c3700000)
 Metaspace       used 33192K, capacity 34610K, committed 34864K, reserved 1079296K
  class space    used 4290K, capacity 4564K, committed 4656K, reserved 1048576K
Event: 31.898 GC heap after
Heap after GC invocations=15 (full 1):
 PSYoungGen      total 100352K, used 2964K [0x00000000eb400000, 0x00000000f1e80000, 0x0000000100000000)
  eden space 94720K, 0% used [0x00000000eb400000,0x00000000eb400000,0x00000000f1080000)
  from space 5632K, 52% used [0x00000000f1900000,0x00000000f1be53f8,0x00000000f1e80000)
  to   space 7168K, 0% used [0x00000000f1080000,0x00000000f1080000,0x00000000f1780000)
 ParOldGen       total 27648K, used 16835K [0x00000000c1c00000, 0x00000000c3700000, 0x00000000eb400000)
  object space 27648K, 60% used [0x00000000c1c00000,0x00000000c2c70c80,0x00000000c3700000)
 Metaspace       used 33192K, capacity 34610K, committed 34864K, reserved 1079296K
  class space    used 4290K, capacity 4564K, committed 4656K, reserved 1048576K
}
Event: 32.314 GC heap before
{Heap before GC invocations=16 (full 1):
 PSYoungGen      total 100352K, used 14752K [0x00000000eb400000, 0x00000000f1e80000, 0x0000000100000000)
  eden space 94720K, 12% used [0x00000000eb400000,0x00000000ebf82c28,0x00000000f1080000)
  from space 5632K, 52% used [0x00000000f1900000,0x00000000f1be53f8,0x00000000f1e80000)
  to   space 7168K, 0% used [0x00000000f1080000,0x00000000f1080000,0x00000000f1780000)
 ParOldGen       total 27648K, used 16835K [0x00000000c1c00000, 0x00000000c3700000, 0x00000000eb400000)
  object space 27648K, 60% used [0x00000000c1c00000,0x00000000c2c70c80,0x00000000c3700000)
 Metaspace       used 33957K, capacity 35370K, committed 35496K, reserved 1079296K
  class space    used 4382K, capacity 4666K, committed 4776K, reserved 1048576K
Event: 32.323 GC heap after
Heap after GC invocations=16 (full 1):
 PSYoungGen      total 101888K, used 1095K [0x00000000eb400000, 0x00000000f4700000, 0x0000000100000000)
  eden space 94720K, 0% used [0x00000000eb400000,0x00000000eb400000,0x00000000f1080000)
  from space 7168K, 15% used [0x00000000f1080000,0x00000000f1191de0,0x00000000f1780000)
  to   space 7168K, 0% used [0x00000000f4000000,0x00000000f4000000,0x00000000f4700000)
 ParOldGen       total 27648K, used 18610K [0x00000000c1c00000, 0x00000000c3700000, 0x00000000eb400000)
  object space 27648K, 67% used [0x00000000c1c00000,0x00000000c2e2cbb0,0x00000000c3700000)
 Metaspace       used 33957K, capacity 35370K, committed 35496K, reserved 1079296K
  class space    used 4382K, capacity 4666K, committed 4776K, reserved 1048576K
}
Event: 32.323 GC heap before
{Heap before GC invocations=17 (full 2):
 PSYoungGen      total 101888K, used 1095K [0x00000000eb400000, 0x00000000f4700000, 0x0000000100000000)
  eden space 94720K, 0% used [0x00000000eb400000,0x00000000eb400000,0x00000000f1080000)
  from space 7168K, 15% used [0x00000000f1080000,0x00000000f1191de0,0x00000000f1780000)
  to   space 7168K, 0% used [0x00000000f4000000,0x00000000f4000000,0x00000000f4700000)
 ParOldGen       total 27648K, used 18610K [0x00000000c1c00000, 0x00000000c3700000, 0x00000000eb400000)
  object space 27648K, 67% used [0x00000000c1c00000,0x00000000c2e2cbb0,0x00000000c3700000)
 Metaspace       used 33957K, capacity 35370K, committed 35496K, reserved 1079296K
  class space    used 4382K, capacity 4666K, committed 4776K, reserved 1048576K
Event: 32.527 GC heap after
Heap after GC invocations=17 (full 2):
 PSYoungGen      total 101888K, used 0K [0x00000000eb400000, 0x00000000f4700000, 0x0000000100000000)
  eden space 94720K, 0% used [0x00000000eb400000,0x00000000eb400000,0x00000000f1080000)
  from space 7168K, 0% used [0x00000000f1080000,0x00000000f1080000,0x00000000f1780000)
  to   space 7168K, 0% used [0x00000000f4000000,0x00000000f4000000,0x00000000f4700000)
 ParOldGen       total 50688K, used 17877K [0x00000000c1c00000, 0x00000000c4d80000, 0x00000000eb400000)
  object space 50688K, 35% used [0x00000000c1c00000,0x00000000c2d754a0,0x00000000c4d80000)
 Metaspace       used 33957K, capacity 35370K, committed 35496K, reserved 1079296K
  class space    used 4382K, capacity 4666K, committed 4776K, reserved 1048576K
}
Event: 36.742 GC heap before
{Heap before GC invocations=18 (full 2):
 PSYoungGen      total 101888K, used 94720K [0x00000000eb400000, 0x00000000f4700000, 0x0000000100000000)
  eden space 94720K, 100% used [0x00000000eb400000,0x00000000f1080000,0x00000000f1080000)
  from space 7168K, 0% used [0x00000000f1080000,0x00000000f1080000,0x00000000f1780000)
  to   space 7168K, 0% used [0x00000000f4000000,0x00000000f4000000,0x00000000f4700000)
 ParOldGen       total 50688K, used 17877K [0x00000000c1c00000, 0x00000000c4d80000, 0x00000000eb400000)
  object space 50688K, 35% used [0x00000000c1c00000,0x00000000c2d754a0,0x00000000c4d80000)
 Metaspace       used 44298K, capacity 45822K, committed 46120K, reserved 1089536K
  class space    used 5884K, capacity 6176K, committed 6184K, reserved 1048576K
Event: 36.759 GC heap after
Heap after GC invocations=18 (full 2):
 PSYoungGen      total 133120K, used 7157K [0x00000000eb400000, 0x00000000f4700000, 0x0000000100000000)
  eden space 125952K, 0% used [0x00000000eb400000,0x00000000eb400000,0x00000000f2f00000)
  from space 7168K, 99% used [0x00000000f4000000,0x00000000f46fd4b0,0x00000000f4700000)
  to   space 9728K, 0% used [0x00000000f3400000,0x00000000f3400000,0x00000000f3d80000)
 ParOldGen       total 50688K, used 21614K [0x00000000c1c00000, 0x00000000c4d80000, 0x00000000eb400000)
  object space 50688K, 42% used [0x00000000c1c00000,0x00000000c311ba58,0x00000000c4d80000)
 Metaspace       used 44298K, capacity 45822K, committed 46120K, reserved 1089536K
  class space    used 5884K, capacity 6176K, committed 6184K, reserved 1048576K
}
Event: 41.533 GC heap before
{Heap before GC invocations=19 (full 2):
 PSYoungGen      total 133120K, used 133109K [0x00000000eb400000, 0x00000000f4700000, 0x0000000100000000)
  eden space 125952K, 100% used [0x00000000eb400000,0x00000000f2f00000,0x00000000f2f00000)
  from space 7168K, 99% used [0x00000000f4000000,0x00000000f46fd4b0,0x00000000f4700000)
  to   space 9728K, 0% used [0x00000000f3400000,0x00000000f3400000,0x00000000f3d80000)
 ParOldGen       total 50688K, used 21614K [0x00000000c1c00000, 0x00000000c4d80000, 0x00000000eb400000)
  object space 50688K, 42% used [0x00000000c1c00000,0x00000000c311ba58,0x00000000c4d80000)
 Metaspace       used 50393K, capacity 52510K, committed 52776K, reserved 1095680K
  class space    used 6709K, capacity 7092K, committed 7208K, reserved 1048576K
Event: 41.565 GC heap after
Heap after GC invocations=19 (full 2):
 PSYoungGen      total 140800K, used 9715K [0x00000000eb400000, 0x00000000f6180000, 0x0000000100000000)
  eden space 131072K, 0% used [0x00000000eb400000,0x00000000eb400000,0x00000000f3400000)
  from space 9728K, 99% used [0x00000000f3400000,0x00000000f3d7cf98,0x00000000f3d80000)
  to   space 12288K, 0% used [0x00000000f5580000,0x00000000f5580000,0x00000000f6180000)
 ParOldGen       total 50688K, used 25045K [0x00000000c1c00000, 0x00000000c4d80000, 0x00000000eb400000)
  object space 50688K, 49% used [0x00000000c1c00000,0x00000000c3475558,0x00000000c4d80000)
 Metaspace       used 50393K, capacity 52510K, committed 52776K, reserved 1095680K
  class space    used 6709K, capacity 7092K, committed 7208K, reserved 1048576K
}

